TN:
SF:/Users/home/Desktop/projects/appleFrogRx2/node_modules/angular2-template-loader/index.js!/Users/home/Desktop/projects/appleFrogRx2/node_modules/tslint-loader/index.js!/Users/home/Desktop/projects/appleFrogRx2/src/test.ts
FN:15,(anonymous_1)
FN:23,(anonymous_2)
FN:30,(anonymous_3)
FN:32,(anonymous_4)
FNF:4
FNH:4
FNDA:1,(anonymous_1)
FNDA:1,(anonymous_2)
FNDA:1,(anonymous_3)
FNDA:1,(anonymous_4)
DA:1,1
DA:3,1
DA:4,1
DA:5,1
DA:6,1
DA:7,1
DA:8,1
DA:15,1
DA:18,1
DA:24,1
DA:30,1
DA:32,1
LF:12
LH:12
BRF:0
BRH:0
end_of_record
TN:
SF:/Users/home/Desktop/projects/appleFrogRx2/node_modules/angular2-template-loader/index.js!/Users/home/Desktop/projects/appleFrogRx2/node_modules/tslint-loader/index.js!/Users/home/Desktop/projects/appleFrogRx2/src/polyfills.ts
FNF:0
FNH:0
DA:3,1
DA:4,1
DA:5,1
DA:6,1
DA:7,1
DA:8,1
DA:9,1
DA:10,1
DA:11,1
DA:12,1
DA:13,1
DA:14,1
DA:15,1
DA:16,1
DA:18,1
DA:19,1
LF:16
LH:16
BRF:0
BRH:0
end_of_record
TN:
SF:/Users/home/Desktop/projects/appleFrogRx2/node_modules/angular2-template-loader/index.js!/Users/home/Desktop/projects/appleFrogRx2/node_modules/tslint-loader/index.js!/Users/home/Desktop/projects/appleFrogRx2/src/app/app.component.ts
FN:8,(anonymous_3)
FNF:1
FNH:1
FNDA:4,(anonymous_3)
DA:1,1
DA:3,1
DA:8,2
DA:9,3
DA:10,1
LF:5
LH:5
BRF:0
BRH:0
end_of_record
TN:
SF:/Users/home/Desktop/projects/appleFrogRx2/node_modules/angular2-template-loader/index.js!/Users/home/Desktop/projects/appleFrogRx2/node_modules/tslint-loader/index.js!/Users/home/Desktop/projects/appleFrogRx2/src/app/store/profile/profile.reducer.ts
FN:15,(anonymous_2)
FNF:1
FNH:1
FNDA:1,(anonymous_2)
DA:5,1
DA:7,1
DA:11,1
DA:15,1
DA:16,1
DA:20,1
LF:6
LH:6
BRDA:15,1,0,0
BRDA:15,1,1,1
BRDA:17,2,0,0
BRDA:17,2,1,1
BRF:4
BRH:2
end_of_record
TN:
SF:/Users/home/Desktop/projects/appleFrogRx2/node_modules/angular2-template-loader/index.js!/Users/home/Desktop/projects/appleFrogRx2/node_modules/tslint-loader/index.js!/Users/home/Desktop/projects/appleFrogRx2/src/app/store/profile/profile.actions.ts
FN:7,(anonymous_3)
FN:10,(anonymous_5)
FN:17,(anonymous_6)
FN:25,(anonymous_7)
FNF:4
FNH:1
FNDA:1,(anonymous_3)
FNDA:0,(anonymous_5)
FNDA:0,(anonymous_6)
FNDA:0,(anonymous_7)
DA:1,1
DA:4,1
DA:6,1
DA:7,2
DA:9,1
DA:10,1
DA:11,0
DA:16,1
DA:17,1
DA:18,0
DA:24,1
DA:25,1
DA:26,0
DA:30,1
LF:14
LH:11
BRF:0
BRH:0
end_of_record
